2019-03-27 01:28:21 [scrapy.utils.log] INFO: Scrapy 1.6.0 started (bot: ACrawler)
2019-03-27 01:28:21 [scrapy.utils.log] INFO: Versions: lxml 4.2.1.0, libxml2 2.9.8, cssselect 1.0.3, parsel 1.5.1, w3lib 1.20.0, Twisted 18.9.0, Python 3.6.5 |Anaconda, Inc.| (default, Apr 29 2018, 16:14:56) - [GCC 7.2.0], pyOpenSSL 18.0.0 (OpenSSL 1.0.2o  27 Mar 2018), cryptography 2.2.2, Platform Linux-4.15.0-45-generic-x86_64-with-debian-buster-sid
2019-03-27 01:29:09 [scrapy.utils.log] INFO: Scrapy 1.6.0 started (bot: ACrawler)
2019-03-27 01:29:09 [scrapy.utils.log] INFO: Versions: lxml 4.2.1.0, libxml2 2.9.8, cssselect 1.0.3, parsel 1.5.1, w3lib 1.20.0, Twisted 18.9.0, Python 3.6.5 |Anaconda, Inc.| (default, Apr 29 2018, 16:14:56) - [GCC 7.2.0], pyOpenSSL 18.0.0 (OpenSSL 1.0.2o  27 Mar 2018), cryptography 2.2.2, Platform Linux-4.15.0-45-generic-x86_64-with-debian-buster-sid
2019-03-27 01:29:09 [scrapy.crawler] INFO: Overridden settings: {'BOT_NAME': 'ACrawler', 'CONCURRENT_REQUESTS': 128, 'COOKIES_ENABLED': False, 'DOWNLOAD_TIMEOUT': 15, 'LOG_FILE': 'mySpider.log', 'LOG_LEVEL': 'INFO', 'NEWSPIDER_MODULE': 'ACrawler.spiders', 'REDIRECT_ENABLED': False, 'ROBOTSTXT_OBEY': True, 'SPIDER_MODULES': ['ACrawler.spiders']}
2019-03-27 01:29:09 [scrapy.extensions.telnet] INFO: Telnet Password: fc14065940cea18e
2019-03-27 01:29:09 [scrapy.middleware] INFO: Enabled extensions:
['scrapy.extensions.corestats.CoreStats',
 'scrapy.extensions.telnet.TelnetConsole',
 'scrapy.extensions.memusage.MemoryUsage',
 'scrapy.extensions.logstats.LogStats']
2019-03-27 01:29:09 [scrapy.middleware] INFO: Enabled downloader middlewares:
['scrapy.downloadermiddlewares.robotstxt.RobotsTxtMiddleware',
 'scrapy.downloadermiddlewares.httpauth.HttpAuthMiddleware',
 'scrapy.downloadermiddlewares.downloadtimeout.DownloadTimeoutMiddleware',
 'scrapy.downloadermiddlewares.defaultheaders.DefaultHeadersMiddleware',
 'scrapy.downloadermiddlewares.useragent.UserAgentMiddleware',
 'scrapy.downloadermiddlewares.retry.RetryMiddleware',
 'scrapy.downloadermiddlewares.redirect.MetaRefreshMiddleware',
 'scrapy.downloadermiddlewares.httpcompression.HttpCompressionMiddleware',
 'scrapy.downloadermiddlewares.httpproxy.HttpProxyMiddleware',
 'scrapy.downloadermiddlewares.stats.DownloaderStats']
2019-03-27 01:29:09 [scrapy.middleware] INFO: Enabled spider middlewares:
['scrapy.spidermiddlewares.httperror.HttpErrorMiddleware',
 'scrapy.spidermiddlewares.offsite.OffsiteMiddleware',
 'scrapy.spidermiddlewares.referer.RefererMiddleware',
 'scrapy.spidermiddlewares.urllength.UrlLengthMiddleware',
 'scrapy.spidermiddlewares.depth.DepthMiddleware']
2019-03-27 01:29:09 [py.warnings] WARNING: /home/lc/MilitaryKnowledgeGraph/ACrawler/ACrawler/pipelines.py:12: ScrapyDeprecationWarning: Module `scrapy.log` has been deprecated, Scrapy now relies on the builtin Python library for logging. Read the updated logging entry in the documentation to learn more.
  from scrapy import log

2019-03-27 01:29:09 [scrapy.middleware] INFO: Enabled item pipelines:
['ACrawler.pipelines.HudongPipeline']
2019-03-27 01:29:09 [scrapy.core.engine] INFO: Spider opened
2019-03-27 01:29:09 [scrapy.extensions.logstats] INFO: Crawled 0 pages (at 0 pages/min), scraped 0 items (at 0 items/min)
2019-03-27 01:29:09 [py.warnings] WARNING: /home/lc/anaconda3/lib/python3.6/site-packages/scrapy/spidermiddlewares/offsite.py:61: URLWarning: allowed_domains accepts only domains, not URLs. Ignoring URL entry http://www.baike.com in allowed_domains.
  warnings.warn(message, URLWarning)

2019-03-27 01:29:09 [scrapy.extensions.telnet] INFO: Telnet console listening on 127.0.0.1:6024
2019-03-27 01:29:55 [scrapy.spidermiddlewares.httperror] INFO: Ignoring response <302 http://www.baike.com/wiki/P-59>: HTTP status code is not handled or not allowed
2019-03-27 01:30:09 [scrapy.extensions.logstats] INFO: Crawled 1279 pages (at 1279 pages/min), scraped 1264 items (at 1264 items/min)
2019-03-27 01:30:22 [scrapy.spidermiddlewares.httperror] INFO: Ignoring response <302 http://www.baike.com/wiki/%E8%A5%BF%E8%A5%BF%E9%87%8C%E5%B2%9B%E7%99%BB%E9%99%86>: HTTP status code is not handled or not allowed
2019-03-27 01:31:09 [scrapy.extensions.logstats] INFO: Crawled 2685 pages (at 1406 pages/min), scraped 2682 items (at 1418 items/min)
2019-03-27 01:31:24 [scrapy.crawler] INFO: Received SIGINT, shutting down gracefully. Send again to force 
2019-03-27 01:31:24 [scrapy.core.engine] INFO: Closing spider (shutdown)
2019-03-27 01:31:30 [scrapy.crawler] INFO: Received SIGINT twice, forcing unclean shutdown
2019-03-27 01:36:55 [scrapy.utils.log] INFO: Scrapy 1.6.0 started (bot: ACrawler)
2019-03-27 01:36:55 [scrapy.utils.log] INFO: Versions: lxml 4.2.1.0, libxml2 2.9.8, cssselect 1.0.3, parsel 1.5.1, w3lib 1.20.0, Twisted 18.9.0, Python 3.6.5 |Anaconda, Inc.| (default, Apr 29 2018, 16:14:56) - [GCC 7.2.0], pyOpenSSL 18.0.0 (OpenSSL 1.0.2o  27 Mar 2018), cryptography 2.2.2, Platform Linux-4.15.0-45-generic-x86_64-with-debian-buster-sid
2019-03-27 01:36:55 [scrapy.crawler] INFO: Overridden settings: {'BOT_NAME': 'ACrawler', 'CONCURRENT_REQUESTS': 128, 'COOKIES_ENABLED': False, 'DOWNLOAD_TIMEOUT': 15, 'LOG_FILE': 'mySpider.log', 'LOG_LEVEL': 'INFO', 'NEWSPIDER_MODULE': 'ACrawler.spiders', 'REDIRECT_ENABLED': False, 'ROBOTSTXT_OBEY': True, 'SPIDER_MODULES': ['ACrawler.spiders']}
2019-03-27 01:36:55 [scrapy.extensions.telnet] INFO: Telnet Password: 3de7898ce04a87c8
2019-03-27 01:36:55 [scrapy.middleware] INFO: Enabled extensions:
['scrapy.extensions.corestats.CoreStats',
 'scrapy.extensions.telnet.TelnetConsole',
 'scrapy.extensions.memusage.MemoryUsage',
 'scrapy.extensions.logstats.LogStats']
2019-03-27 01:36:55 [scrapy.middleware] INFO: Enabled downloader middlewares:
['scrapy.downloadermiddlewares.robotstxt.RobotsTxtMiddleware',
 'scrapy.downloadermiddlewares.httpauth.HttpAuthMiddleware',
 'scrapy.downloadermiddlewares.downloadtimeout.DownloadTimeoutMiddleware',
 'scrapy.downloadermiddlewares.defaultheaders.DefaultHeadersMiddleware',
 'scrapy.downloadermiddlewares.useragent.UserAgentMiddleware',
 'scrapy.downloadermiddlewares.retry.RetryMiddleware',
 'scrapy.downloadermiddlewares.redirect.MetaRefreshMiddleware',
 'scrapy.downloadermiddlewares.httpcompression.HttpCompressionMiddleware',
 'scrapy.downloadermiddlewares.httpproxy.HttpProxyMiddleware',
 'scrapy.downloadermiddlewares.stats.DownloaderStats']
2019-03-27 01:36:55 [scrapy.middleware] INFO: Enabled spider middlewares:
['scrapy.spidermiddlewares.httperror.HttpErrorMiddleware',
 'scrapy.spidermiddlewares.offsite.OffsiteMiddleware',
 'scrapy.spidermiddlewares.referer.RefererMiddleware',
 'scrapy.spidermiddlewares.urllength.UrlLengthMiddleware',
 'scrapy.spidermiddlewares.depth.DepthMiddleware']
2019-03-27 01:36:55 [py.warnings] WARNING: /home/lc/MilitaryKnowledgeGraph/ACrawler/ACrawler/pipelines.py:12: ScrapyDeprecationWarning: Module `scrapy.log` has been deprecated, Scrapy now relies on the builtin Python library for logging. Read the updated logging entry in the documentation to learn more.
  from scrapy import log

2019-03-27 01:36:55 [scrapy.middleware] INFO: Enabled item pipelines:
['ACrawler.pipelines.HudongPipeline']
2019-03-27 01:36:55 [scrapy.core.engine] INFO: Spider opened
2019-03-27 01:36:55 [scrapy.extensions.logstats] INFO: Crawled 0 pages (at 0 pages/min), scraped 0 items (at 0 items/min)
2019-03-27 01:36:55 [py.warnings] WARNING: /home/lc/anaconda3/lib/python3.6/site-packages/scrapy/spidermiddlewares/offsite.py:61: URLWarning: allowed_domains accepts only domains, not URLs. Ignoring URL entry http://www.baike.com in allowed_domains.
  warnings.warn(message, URLWarning)

2019-03-27 01:36:55 [scrapy.extensions.telnet] INFO: Telnet console listening on 127.0.0.1:6024
2019-03-27 01:37:00 [scrapy.spidermiddlewares.httperror] INFO: Ignoring response <302 http://www.baike.com/wiki/P-59>: HTTP status code is not handled or not allowed
2019-03-27 01:37:20 [scrapy.spidermiddlewares.httperror] INFO: Ignoring response <302 http://www.baike.com/wiki/%E8%A5%BF%E8%A5%BF%E9%87%8C%E5%B2%9B%E7%99%BB%E9%99%86>: HTTP status code is not handled or not allowed
2019-03-27 01:37:55 [scrapy.extensions.logstats] INFO: Crawled 2432 pages (at 2432 pages/min), scraped 2428 items (at 2428 items/min)
2019-03-27 01:38:55 [scrapy.extensions.logstats] INFO: Crawled 3286 pages (at 854 pages/min), scraped 3283 items (at 855 items/min)
2019-03-27 01:39:55 [scrapy.extensions.logstats] INFO: Crawled 4641 pages (at 1355 pages/min), scraped 4636 items (at 1353 items/min)
2019-03-27 01:40:44 [scrapy.spidermiddlewares.httperror] INFO: Ignoring response <302 http://www.baike.com/wiki/%E5%BC%97%E9%BE%99%E6%96%AF%E5%9F%BA>: HTTP status code is not handled or not allowed
2019-03-27 01:40:45 [scrapy.spidermiddlewares.httperror] INFO: Ignoring response <302 http://www.baike.com/wiki/%E8%82%AF%E6%96%AF%E4%BD%A9%E5%B0%94>: HTTP status code is not handled or not allowed
2019-03-27 01:40:45 [scrapy.spidermiddlewares.httperror] INFO: Ignoring response <302 http://www.baike.com/wiki/%E6%9F%B4%E7%91%9F%E5%A4%AB>: HTTP status code is not handled or not allowed
2019-03-27 01:40:45 [scrapy.spidermiddlewares.httperror] INFO: Ignoring response <302 http://www.baike.com/wiki/%E8%BF%AA%E7%89%B9%E9%87%8C%E8%8C%9C>: HTTP status code is not handled or not allowed
2019-03-27 01:40:55 [scrapy.extensions.logstats] INFO: Crawled 5770 pages (at 1129 pages/min), scraped 5760 items (at 1124 items/min)
2019-03-27 01:41:55 [scrapy.extensions.logstats] INFO: Crawled 6865 pages (at 1095 pages/min), scraped 6858 items (at 1098 items/min)
2019-03-27 01:42:51 [scrapy.spidermiddlewares.httperror] INFO: Ignoring response <302 http://www.baike.com/wiki/%E5%9C%A3%E5%A5%A5%E5%B0%94%E6%9C%AC%E6%96%AF%E6%88%98%E5%BD%B9>: HTTP status code is not handled or not allowed
2019-03-27 01:42:55 [scrapy.extensions.logstats] INFO: Crawled 8126 pages (at 1261 pages/min), scraped 8118 items (at 1260 items/min)
2019-03-27 01:43:55 [scrapy.extensions.logstats] INFO: Crawled 9054 pages (at 928 pages/min), scraped 9045 items (at 927 items/min)
2019-03-27 01:43:57 [scrapy.spidermiddlewares.httperror] INFO: Ignoring response <302 http://www.baike.com/wiki/HA-300%E6%88%98%E6%96%97%E6%9C%BA>: HTTP status code is not handled or not allowed
2019-03-27 01:44:26 [scrapy.spidermiddlewares.httperror] INFO: Ignoring response <302 http://www.baike.com/wiki/%E9%98%BF%E9%9B%B7%E6%96%AF7.62mm%E5%A4%96%E5%8A%A8%E5%8A%9B%E6%9C%BA%E6%9E%AA>: HTTP status code is not handled or not allowed
2019-03-27 01:44:33 [scrapy.spidermiddlewares.httperror] INFO: Ignoring response <302 http://www.baike.com/wiki/EX-34%E5%BC%8F7.62mm%E9%93%BE%E5%BC%8F%E6%9C%BA%E6%9E%AA>: HTTP status code is not handled or not allowed
2019-03-27 01:44:49 [scrapy.spidermiddlewares.httperror] INFO: Ignoring response <302 http://www.baike.com/wiki/%E6%96%BD%E6%B3%B0%E5%B0%945.56mm%E5%85%88%E8%BF%9B%E6%88%98%E6%96%97%E6%AD%A5%E6%9E%AA>: HTTP status code is not handled or not allowed
2019-03-27 01:44:49 [scrapy.spidermiddlewares.httperror] INFO: Ignoring response <302 http://www.baike.com/wiki/%E8%90%A8HM-3%E5%BC%8F9mm%E5%86%B2%E9%94%8B%E6%9E%AA>: HTTP status code is not handled or not allowed
2019-03-27 01:44:55 [scrapy.extensions.logstats] INFO: Crawled 10385 pages (at 1331 pages/min), scraped 10369 items (at 1324 items/min)
2019-03-27 01:45:04 [scrapy.spidermiddlewares.httperror] INFO: Ignoring response <302 http://www.baike.com/wiki/%E6%9D%8E-%E6%81%A9%E8%8F%B2%E5%B0%94%E5%BE%B7%E6%AD%A5%E6%9E%AA>: HTTP status code is not handled or not allowed
2019-03-27 01:45:37 [scrapy.spidermiddlewares.httperror] INFO: Ignoring response <302 http://www.baike.com/wiki/SIG-%E7%BB%8D%E5%B0%94P225(P6)%E5%BC%8F9mm%E6%89%8B%E6%9E%AA>: HTTP status code is not handled or not allowed
2019-03-27 01:45:54 [scrapy.spidermiddlewares.httperror] INFO: Ignoring response <302 http://www.baike.com/wiki/MM-1%E5%BC%8F40mm%E5%A4%9A%E5%8F%91%E6%A6%B4%E5%BC%B9%E5%8F%91%E5%B0%84%E5%99%A8>: HTTP status code is not handled or not allowed
2019-03-27 01:45:55 [scrapy.extensions.logstats] INFO: Crawled 11277 pages (at 892 pages/min), scraped 11259 items (at 890 items/min)
2019-03-27 01:46:06 [scrapy.spidermiddlewares.httperror] INFO: Ignoring response <302 http://www.baike.com/wiki/%E6%B5%B7%E5%BA%8A%E6%9D%A1%E7%BA%A6>: HTTP status code is not handled or not allowed
2019-03-27 01:46:07 [scrapy.spidermiddlewares.httperror] INFO: Ignoring response <302 http://www.baike.com/wiki/%E6%A0%B8%E9%97%AA>: HTTP status code is not handled or not allowed
2019-03-27 01:46:11 [scrapy.spidermiddlewares.httperror] INFO: Ignoring response <302 http://www.baike.com/wiki/%E7%83%AD%E6%A0%B8%E5%BC%B9>: HTTP status code is not handled or not allowed
2019-03-27 01:46:55 [scrapy.extensions.logstats] INFO: Crawled 12630 pages (at 1353 pages/min), scraped 12611 items (at 1352 items/min)
2019-03-27 01:47:10 [scrapy.spidermiddlewares.httperror] INFO: Ignoring response <302 http://www.baike.com/wiki/%E8%BF%9E%E7%8F%A0%E5%8F%8C>: HTTP status code is not handled or not allowed
2019-03-27 01:47:10 [scrapy.spidermiddlewares.httperror] INFO: Ignoring response <302 http://www.baike.com/wiki/%E5%8F%8C%E6%A3%8D>: HTTP status code is not handled or not allowed
2019-03-27 01:47:33 [scrapy.spidermiddlewares.httperror] INFO: Ignoring response <302 http://www.baike.com/wiki/A-135>: HTTP status code is not handled or not allowed
2019-03-27 01:47:34 [scrapy.spidermiddlewares.httperror] INFO: Ignoring response <302 http://www.baike.com/wiki/A-135%E5%8F%91%E5%B0%84%E8%AE%BE%E6%96%BD>: HTTP status code is not handled or not allowed
2019-03-27 01:47:53 [scrapy.spidermiddlewares.httperror] INFO: Ignoring response <302 http://www.baike.com/wiki/PL-9>: HTTP status code is not handled or not allowed
2019-03-27 01:47:55 [scrapy.extensions.logstats] INFO: Crawled 13580 pages (at 950 pages/min), scraped 13556 items (at 945 items/min)
2019-03-27 01:47:57 [scrapy.spidermiddlewares.httperror] INFO: Ignoring response <302 http://www.baike.com/wiki/R-27>: HTTP status code is not handled or not allowed
2019-03-27 01:48:05 [scrapy.spidermiddlewares.httperror] INFO: Ignoring response <302 http://www.baike.com/wiki/AGM-114>: HTTP status code is not handled or not allowed
2019-03-27 01:48:06 [scrapy.spidermiddlewares.httperror] INFO: Ignoring response <302 http://www.baike.com/wiki/%E7%99%BD%E6%9D%A8-M>: HTTP status code is not handled or not allowed
2019-03-27 01:48:46 [scrapy.spidermiddlewares.httperror] INFO: Ignoring response <302 http://www.baike.com/wiki/CVN-79>: HTTP status code is not handled or not allowed
2019-03-27 01:48:48 [scrapy.spidermiddlewares.httperror] INFO: Ignoring response <302 http://www.baike.com/wiki/%E7%8B%AC%E7%AB%8B%E5%8F%B7>: HTTP status code is not handled or not allowed
2019-03-27 01:48:55 [scrapy.extensions.logstats] INFO: Crawled 14829 pages (at 1249 pages/min), scraped 14799 items (at 1243 items/min)
2019-03-27 01:49:18 [scrapy.spidermiddlewares.httperror] INFO: Ignoring response <302 http://www.baike.com/wiki/%E7%A7%91%E6%9E%97%E6%96%AF%E7%BA%A7%E6%BD%9C%E8%89%87>: HTTP status code is not handled or not allowed
2019-03-27 01:49:55 [scrapy.extensions.logstats] INFO: Crawled 15940 pages (at 1111 pages/min), scraped 15909 items (at 1110 items/min)
2019-03-27 01:50:18 [scrapy.spidermiddlewares.httperror] INFO: Ignoring response <302 http://www.baike.com/wiki/%E6%AD%BC-8F%E6%88%98%E6%96%97%E6%9C%BA>: HTTP status code is not handled or not allowed
2019-03-27 01:50:20 [scrapy.spidermiddlewares.httperror] INFO: Ignoring response <302 http://www.baike.com/wiki/P-47N>: HTTP status code is not handled or not allowed
2019-03-27 01:50:34 [scrapy.spidermiddlewares.httperror] INFO: Ignoring response <302 http://www.baike.com/wiki/F-80>: HTTP status code is not handled or not allowed
2019-03-27 01:50:35 [scrapy.spidermiddlewares.httperror] INFO: Ignoring response <302 http://www.baike.com/wiki/F/A-18&quot;%E5%A4%A7%E9%BB%84%E8%9C%82&quot;>: HTTP status code is not handled or not allowed
2019-03-27 01:50:46 [scrapy.spidermiddlewares.httperror] INFO: Ignoring response <302 http://www.baike.com/wiki/%E6%8B%89-11>: HTTP status code is not handled or not allowed
2019-03-27 01:50:49 [scrapy.spidermiddlewares.httperror] INFO: Ignoring response <302 http://www.baike.com/wiki/MFI%E6%88%98%E6%96%97%E6%9C%BA>: HTTP status code is not handled or not allowed
2019-03-27 01:50:49 [scrapy.spidermiddlewares.httperror] INFO: Ignoring response <302 http://www.baike.com/wiki/%E7%8C%9B%E7%A6%BD%E6%88%98%E6%96%97%E6%9C%BA>: HTTP status code is not handled or not allowed
2019-03-27 01:50:54 [scrapy.spidermiddlewares.httperror] INFO: Ignoring response <302 http://www.baike.com/wiki/%E8%8B%8F-3>: HTTP status code is not handled or not allowed
2019-03-27 01:50:55 [scrapy.extensions.logstats] INFO: Crawled 17034 pages (at 1094 pages/min), scraped 16992 items (at 1083 items/min)
2019-03-27 01:51:03 [scrapy.spidermiddlewares.httperror] INFO: Ignoring response <302 http://www.baike.com/wiki/%E6%AD%BC-5%E6%88%98%E6%96%97%E6%9C%BA>: HTTP status code is not handled or not allowed
2019-03-27 01:51:18 [scrapy.spidermiddlewares.httperror] INFO: Ignoring response <302 http://www.baike.com/wiki/M-55%E4%BE%A6%E5%AF%9F%E6%9C%BA>: HTTP status code is not handled or not allowed
2019-03-27 01:51:18 [scrapy.spidermiddlewares.httperror] INFO: Ignoring response <302 http://www.baike.com/wiki/%E6%88%98%E6%9C%AF%E4%BE%A6%E5%AF%9F%E6%9C%BA>: HTTP status code is not handled or not allowed
2019-03-27 01:51:19 [scrapy.spidermiddlewares.httperror] INFO: Ignoring response <302 http://www.baike.com/wiki/%E5%9B%BD%E6%9F%AF%E6%9B%BC%E5%A5%87%E6%AD%A6%E8%A3%85%E7%9B%B4%E5%8D%87%E6%9C%BA>: HTTP status code is not handled or not allowed
2019-03-27 01:51:25 [scrapy.spidermiddlewares.httperror] INFO: Ignoring response <302 http://www.baike.com/wiki/RQ-7>: HTTP status code is not handled or not allowed
2019-03-27 01:51:32 [scrapy.spidermiddlewares.httperror] INFO: Ignoring response <302 http://www.baike.com/wiki/%E7%A9%BA%E8%AD%A6-2000%E9%A2%84%E8%AD%A6%E6%9C%BA>: HTTP status code is not handled or not allowed
2019-03-27 01:51:33 [scrapy.spidermiddlewares.httperror] INFO: Ignoring response <302 http://www.baike.com/wiki/P-3%E5%8F%8D%E6%BD%9C%E6%9C%BA>: HTTP status code is not handled or not allowed
2019-03-27 01:51:47 [scrapy.spidermiddlewares.httperror] INFO: Ignoring response <302 http://www.baike.com/wiki/IS-4%E9%87%8D%E5%9E%8B%E5%9D%A6%E5%85%8B>: HTTP status code is not handled or not allowed
2019-03-27 01:51:51 [scrapy.spidermiddlewares.httperror] INFO: Ignoring response <302 http://www.baike.com/wiki/%E8%8B%8F%E8%81%94T-62%E5%9D%A6%E5%85%8B>: HTTP status code is not handled or not allowed
2019-03-27 01:51:53 [scrapy.spidermiddlewares.httperror] INFO: Ignoring response <302 http://www.baike.com/wiki/T-95%E4%B8%BB%E6%88%98%E5%9D%A6%E5%85%8B>: HTTP status code is not handled or not allowed
2019-03-27 01:51:55 [scrapy.extensions.logstats] INFO: Crawled 18205 pages (at 1171 pages/min), scraped 18157 items (at 1165 items/min)
2019-03-27 01:51:57 [scrapy.spidermiddlewares.httperror] INFO: Ignoring response <302 http://www.baike.com/wiki/%E4%BA%94%E5%BC%8F%E4%B8%AD%E5%9E%8B%E5%9D%A6%E5%85%8B>: HTTP status code is not handled or not allowed
2019-03-27 01:52:03 [scrapy.spidermiddlewares.httperror] INFO: Ignoring response <302 http://www.baike.com/wiki/ZTZ80%E5%BC%8F%E4%B8%BB%E6%88%98%E5%9D%A6%E5%85%8B>: HTTP status code is not handled or not allowed
2019-03-27 01:52:03 [scrapy.spidermiddlewares.httperror] INFO: Ignoring response <302 http://www.baike.com/wiki/ZTZ-96A>: HTTP status code is not handled or not allowed
2019-03-27 01:52:04 [scrapy.spidermiddlewares.httperror] INFO: Ignoring response <302 http://www.baike.com/wiki/%E5%8F%91%E7%83%9F%E6%89%8B%E6%A6%B4%E5%BC%B9>: HTTP status code is not handled or not allowed
2019-03-27 01:52:05 [scrapy.spidermiddlewares.httperror] INFO: Ignoring response <302 http://www.baike.com/wiki/%E6%9D%80%E4%BC%A4%E6%89%8B%E6%A6%B4%E5%BC%B9>: HTTP status code is not handled or not allowed
2019-03-27 01:52:09 [scrapy.spidermiddlewares.httperror] INFO: Ignoring response <302 http://www.baike.com/wiki/MS-3%E9%98%B2%E6%AD%A5%E5%85%B5%E5%9C%B0%E9%9B%B7>: HTTP status code is not handled or not allowed
2019-03-27 01:52:10 [scrapy.spidermiddlewares.httperror] INFO: Ignoring response <302 http://www.baike.com/wiki/FFV>: HTTP status code is not handled or not allowed
2019-03-27 01:52:15 [scrapy.spidermiddlewares.httperror] INFO: Ignoring response <302 http://www.baike.com/wiki/%E7%8B%84%E9%98%BF%E9%82%A34.5mm%E7%B3%BB%E5%88%97%E6%B0%94%E6%89%8B%E6%9E%AA>: HTTP status code is not handled or not allowed
2019-03-27 01:52:19 [scrapy.spidermiddlewares.httperror] INFO: Ignoring response <302 http://www.baike.com/wiki/%E5%89%8D%E8%8B%8F%E8%81%94ROKS-2%E5%BC%8F>: HTTP status code is not handled or not allowed
2019-03-27 01:52:28 [scrapy.spidermiddlewares.httperror] INFO: Ignoring response <302 http://www.baike.com/wiki/MG1%E5%BC%8F%E6%BD%9C%E6%9C%9B%E7%9E%84%E5%87%86%E9%95%9C>: HTTP status code is not handled or not allowed
2019-03-27 01:52:31 [scrapy.spidermiddlewares.httperror] INFO: Ignoring response <302 http://www.baike.com/wiki/%E6%AF%94%E5%88%A9%E6%97%B6FN>: HTTP status code is not handled or not allowed
2019-03-27 01:52:34 [scrapy.spidermiddlewares.httperror] INFO: Ignoring response <302 http://www.baike.com/wiki/RPG-7V>: HTTP status code is not handled or not allowed
2019-03-27 01:52:36 [scrapy.spidermiddlewares.httperror] INFO: Ignoring response <302 http://www.baike.com/wiki/BM%E2%85%A1%E4%BC%9E%E5%85%B5%E6%88%98%E8%BD%A6>: HTTP status code is not handled or not allowed
2019-03-27 01:52:43 [scrapy.spidermiddlewares.httperror] INFO: Ignoring response <302 http://www.baike.com/wiki/BMP-3>: HTTP status code is not handled or not allowed
2019-03-27 01:52:55 [scrapy.extensions.logstats] INFO: Crawled 19224 pages (at 1019 pages/min), scraped 19162 items (at 1005 items/min)
2019-03-27 01:52:59 [scrapy.spidermiddlewares.httperror] INFO: Ignoring response <302 http://www.baike.com/wiki/%E5%B1%A5%E5%B8%A6%E5%BC%8F%E7%99%BB%E9%99%86%E8%BD%A6>: HTTP status code is not handled or not allowed
2019-03-27 01:53:08 [scrapy.spidermiddlewares.httperror] INFO: Ignoring response <302 http://www.baike.com/wiki/%E7%89%B5%E5%BC%95%E5%BC%8F%E6%A6%B4%E5%BC%B9%E7%82%AE>: HTTP status code is not handled or not allowed
2019-03-27 01:53:34 [scrapy.spidermiddlewares.httperror] INFO: Ignoring response <302 http://www.baike.com/wiki/%E7%95%8F%E5%8F%B7%E8%88%AA%E7%A9%BA%E6%AF%8D%E8%88%B0>: HTTP status code is not handled or not allowed
2019-03-27 01:53:55 [scrapy.extensions.logstats] INFO: Crawled 20496 pages (at 1272 pages/min), scraped 20431 items (at 1269 items/min)
2019-03-27 01:54:13 [scrapy.spidermiddlewares.httperror] INFO: Ignoring response <302 http://www.baike.com/wiki/%E6%97%85%E6%B5%B7%E7%BA%A7%E9%A9%B1%E9%80%90%E8%88%B0>: HTTP status code is not handled or not allowed
2019-03-27 01:54:55 [scrapy.extensions.logstats] INFO: Crawled 21470 pages (at 974 pages/min), scraped 21399 items (at 968 items/min)
2019-03-27 01:55:05 [scrapy.spidermiddlewares.httperror] INFO: Ignoring response <302 http://www.baike.com/wiki/F/A18%E6%88%98%E6%96%97%E6%94%BB%E5%87%BB%E6%9C%BA>: HTTP status code is not handled or not allowed
2019-03-27 01:55:49 [scrapy.spidermiddlewares.httperror] INFO: Ignoring response <302 http://www.baike.com/wiki/%E8%8B%8F%E9%B2%81%E4%BA%BA%E6%B0%91%E6%8A%97%E6%97%A5%E4%B9%89%E5%8B%87%E9%98%9F%E7%AC%AC%E4%B8%80%E6%80%BB%E9%98%9F>: HTTP status code is not handled or not allowed
2019-03-27 01:55:49 [scrapy.spidermiddlewares.httperror] INFO: Ignoring response <302 http://www.baike.com/wiki/%E8%8B%8F%E9%B2%81%E4%BA%BA%E6%B0%91%E6%8A%97%E6%97%A5%E4%B9%89%E5%8B%87%E9%98%9F%E7%AC%AC%E4%BA%8C%E6%80%BB%E9%98%9F>: HTTP status code is not handled or not allowed
2019-03-27 01:55:55 [scrapy.extensions.logstats] INFO: Crawled 22742 pages (at 1272 pages/min), scraped 22673 items (at 1274 items/min)
2019-03-27 01:56:55 [scrapy.extensions.logstats] INFO: Crawled 23759 pages (at 1017 pages/min), scraped 23689 items (at 1016 items/min)
2019-03-27 01:57:55 [scrapy.extensions.logstats] INFO: Crawled 24927 pages (at 1168 pages/min), scraped 24856 items (at 1167 items/min)
2019-03-27 01:58:55 [scrapy.extensions.logstats] INFO: Crawled 25995 pages (at 1068 pages/min), scraped 25926 items (at 1070 items/min)
2019-03-27 01:59:55 [scrapy.extensions.logstats] INFO: Crawled 27104 pages (at 1109 pages/min), scraped 27031 items (at 1105 items/min)
2019-03-27 02:00:01 [scrapy.spidermiddlewares.httperror] INFO: Ignoring response <302 http://www.baike.com/wiki/%E5%86%9B%E4%BA%8B%E7%BD%91>: HTTP status code is not handled or not allowed
2019-03-27 02:00:55 [scrapy.extensions.logstats] INFO: Crawled 28275 pages (at 1171 pages/min), scraped 28200 items (at 1169 items/min)
2019-03-27 02:01:21 [scrapy.spidermiddlewares.httperror] INFO: Ignoring response <302 http://www.baike.com/wiki/%E5%86%85%E5%9F%8E>: HTTP status code is not handled or not allowed
2019-03-27 02:01:21 [scrapy.spidermiddlewares.httperror] INFO: Ignoring response <302 http://www.baike.com/wiki/%E5%8E%9F%E5%9F%8E>: HTTP status code is not handled or not allowed
2019-03-27 02:01:55 [scrapy.extensions.logstats] INFO: Crawled 29379 pages (at 1104 pages/min), scraped 29307 items (at 1107 items/min)
2019-03-27 02:02:55 [scrapy.extensions.logstats] INFO: Crawled 30559 pages (at 1180 pages/min), scraped 30487 items (at 1180 items/min)
2019-03-27 02:03:55 [scrapy.extensions.logstats] INFO: Crawled 31566 pages (at 1007 pages/min), scraped 31493 items (at 1006 items/min)
2019-03-27 02:04:55 [scrapy.extensions.logstats] INFO: Crawled 32838 pages (at 1272 pages/min), scraped 32765 items (at 1272 items/min)
2019-03-27 02:05:09 [scrapy.spidermiddlewares.httperror] INFO: Ignoring response <302 http://www.baike.com/wiki/%E5%87%AF%E5%A2%A8&>: HTTP status code is not handled or not allowed
2019-03-27 02:05:55 [scrapy.extensions.logstats] INFO: Crawled 33884 pages (at 1046 pages/min), scraped 33811 items (at 1046 items/min)
2019-03-27 02:06:55 [scrapy.extensions.logstats] INFO: Crawled 35086 pages (at 1202 pages/min), scraped 35013 items (at 1202 items/min)
2019-03-27 02:07:03 [scrapy.core.engine] INFO: Closing spider (finished)
2019-03-27 02:07:03 [scrapy.statscollectors] INFO: Dumping Scrapy stats:
{'downloader/request_bytes': 9338811,
 'downloader/request_count': 35192,
 'downloader/request_method_count/GET': 35192,
 'downloader/response_bytes': 525999499,
 'downloader/response_count': 35192,
 'downloader/response_status_count/200': 35120,
 'downloader/response_status_count/302': 72,
 'finish_reason': 'finished',
 'finish_time': datetime.datetime(2019, 3, 26, 18, 7, 3, 800345),
 'httperror/response_ignored_count': 72,
 'httperror/response_ignored_status_count/302': 72,
 'item_scraped_count': 35119,
 'log_count/INFO': 111,
 'log_count/WARNING': 2,
 'memusage/max': 135462912,
 'memusage/startup': 63664128,
 'response_received_count': 35192,
 'robotstxt/request_count': 1,
 'robotstxt/response_count': 1,
 'robotstxt/response_status_count/200': 1,
 'scheduler/dequeued': 35191,
 'scheduler/dequeued/memory': 35191,
 'scheduler/enqueued': 35191,
 'scheduler/enqueued/memory': 35191,
 'start_time': datetime.datetime(2019, 3, 26, 17, 36, 55, 291724)}
2019-03-27 02:07:03 [scrapy.core.engine] INFO: Spider closed (finished)
